
> mukto-portfolio-next@0.1.0 dev
> next dev

▲ Next.js 16.2.6 (Turbopack)
- Local:         http://localhost:3000
- Network:       http://192.168.0.2:3000
✓ Ready in 904ms

 GET / 200 in 1509ms (next.js: 809ms, application-code: 700ms)
⨯ ./app/page.js:7:1
Module not found: Can't resolve '@/components/Cursor'
  [90m 5 |[0m [36mimport[0m [33mSocial[0m [36mfrom[0m [32m'@/components/Social'[0m
  [90m 6 |[0m [36mimport[0m [33mContact[0m [36mfrom[0m [32m'@/components/Contact'[0m
[31m[1m>[0m [90m 7 |[0m [36mimport[0m [33mCursor[0m [36mfrom[0m [32m'@/components/Cursor'[0m
  [90m   |[0m [31m[1m^^^^^^^^^^^^^^^^^^^^^^^^^^^^^^^^^^^^^^^^[0m
  [90m 8 |[0m [36mimport[0m [33mScrollEffects[0m [36mfrom[0m [32m'@/components/ScrollEffects'[0m
  [90m 9 |[0m
  [90m10 |[0m [36mexport[0m [36mdefault[0m [36mfunction[0m [33mHome[0m() {

Import map: aliased to relative './components/Cursor' inside of [project]/


https://nextjs.org/docs/messages/module-not-found


⨯ ./app/page.js:7:1
Module not found: Can't resolve '@/components/Cursor'
  [90m 5 |[0m [36mimport[0m [33mSocial[0m [36mfrom[0m [32m'@/components/Social'[0m
  [90m 6 |[0m [36mimport[0m [33mContact[0m [36mfrom[0m [32m'@/components/Contact'[0m
[31m[1m>[0m [90m 7 |[0m [36mimport[0m [33mCursor[0m [36mfrom[0m [32m'@/components/Cursor'[0m
  [90m   |[0m [31m[1m^^^^^^^^^^^^^^^^^^^^^^^^^^^^^^^^^^^^^^^^[0m
  [90m 8 |[0m [36mimport[0m [33mScrollEffects[0m [36mfrom[0m [32m'@/components/ScrollEffects'[0m
  [90m 9 |[0m
  [90m10 |[0m [36mexport[0m [36mdefault[0m [36mfunction[0m [33mHome[0m() {

Import map: aliased to relative './components/Cursor' inside of [project]/


https://nextjs.org/docs/messages/module-not-found


⨯ ./app/page.js:4:1
Module not found: Can't resolve '@/components/Gallery'
  [90m2 |[0m [36mimport[0m [33mHero[0m [36mfrom[0m [32m'@/components/Hero'[0m
  [90m3 |[0m [36mimport[0m [33mAbout[0m [36mfrom[0m [32m'@/components/About'[0m
[31m[1m>[0m [90m4 |[0m [36mimport[0m [33mGallery[0m [36mfrom[0m [32m'@/components/Gallery'[0m
  [90m  |[0m [31m[1m^^^^^^^^^^^^^^^^^^^^^^^^^^^^^^^^^^^^^^^^^^[0m
  [90m5 |[0m [36mimport[0m [33mSocial[0m [36mfrom[0m [32m'@/components/Social'[0m
  [90m6 |[0m [36mimport[0m [33mContact[0m [36mfrom[0m [32m'@/components/Contact'[0m
  [90m7 |[0m [36mimport[0m [33mCursor[0m [36mfrom[0m [32m'@/components/Cursor'[0m

Import map: aliased to relative './components/Gallery' inside of [project]/


https://nextjs.org/docs/messages/module-not-found


⨯ ./app/page.js:4:1
Module not found: Can't resolve '@/components/Gallery'
  [90m2 |[0m [36mimport[0m [33mHero[0m [36mfrom[0m [32m'@/components/Hero'[0m
  [90m3 |[0m [36mimport[0m [33mAbout[0m [36mfrom[0m [32m'@/components/About'[0m
[31m[1m>[0m [90m4 |[0m [36mimport[0m [33mGallery[0m [36mfrom[0m [32m'@/components/Gallery'[0m
  [90m  |[0m [31m[1m^^^^^^^^^^^^^^^^^^^^^^^^^^^^^^^^^^^^^^^^^^[0m
  [90m5 |[0m [36mimport[0m [33mSocial[0m [36mfrom[0m [32m'@/components/Social'[0m
  [90m6 |[0m [36mimport[0m [33mContact[0m [36mfrom[0m [32m'@/components/Contact'[0m
  [90m7 |[0m [36mimport[0m [33mCursor[0m [36mfrom[0m [32m'@/components/Cursor'[0m

Import map: aliased to relative './components/Gallery' inside of [project]/


https://nextjs.org/docs/messages/module-not-found


⨯ ./app/page.js:5:1
Module not found: Can't resolve '@/components/Social'
  [90m3 |[0m [36mimport[0m [33mAbout[0m [36mfrom[0m [32m'@/components/About'[0m
  [90m4 |[0m [36mimport[0m [33mGallery[0m [36mfrom[0m [32m'@/components/Gallery'[0m
[31m[1m>[0m [90m5 |[0m [36mimport[0m [33mSocial[0m [36mfrom[0m [32m'@/components/Social'[0m
  [90m  |[0m [31m[1m^^^^^^^^^^^^^^^^^^^^^^^^^^^^^^^^^^^^^^^^[0m
  [90m6 |[0m [36mimport[0m [33mContact[0m [36mfrom[0m [32m'@/components/Contact'[0m
  [90m7 |[0m [36mimport[0m [33mCursor[0m [36mfrom[0m [32m'@/components/Cursor'[0m
  [90m8 |[0m [36mimport[0m [33mScrollEffects[0m [36mfrom[0m [32m'@/components/ScrollEffects'[0m

Import map: aliased to relative './components/Social' inside of [project]/


https://nextjs.org/docs/messages/module-not-found


⨯ ./app/page.js:5:1
Module not found: Can't resolve '@/components/Social'
  [90m3 |[0m [36mimport[0m [33mAbout[0m [36mfrom[0m [32m'@/components/About'[0m
  [90m4 |[0m [36mimport[0m [33mGallery[0m [36mfrom[0m [32m'@/components/Gallery'[0m
[31m[1m>[0m [90m5 |[0m [36mimport[0m [33mSocial[0m [36mfrom[0m [32m'@/components/Social'[0m
  [90m  |[0m [31m[1m^^^^^^^^^^^^^^^^^^^^^^^^^^^^^^^^^^^^^^^^[0m
  [90m6 |[0m [36mimport[0m [33mContact[0m [36mfrom[0m [32m'@/components/Contact'[0m
  [90m7 |[0m [36mimport[0m [33mCursor[0m [36mfrom[0m [32m'@/components/Cursor'[0m
  [90m8 |[0m [36mimport[0m [33mScrollEffects[0m [36mfrom[0m [32m'@/components/ScrollEffects'[0m

Import map: aliased to relative './components/Social' inside of [project]/


https://nextjs.org/docs/messages/module-not-found
